2017-02-06 11:11:21,490 [ERROR] from akka.actor.OneForOneStrategy in ServiceTest_170206111112187-akka.actor.default-dispatcher-17 - com.datastax.driver.core.exceptions.SyntaxError: line 1:93 no viable alternative at input 'amount' (...text, customerId text, skuId [text] amount...)
java.util.concurrent.ExecutionException: com.datastax.driver.core.exceptions.SyntaxError: line 1:93 no viable alternative at input 'amount' (...text, customerId text, skuId [text] amount...)
	at com.google.common.util.concurrent.AbstractFuture.getDoneValue(AbstractFuture.java:476) ~[guava-19.0.jar:na]
	at com.google.common.util.concurrent.AbstractFuture.get(AbstractFuture.java:435) ~[guava-19.0.jar:na]
	at com.lightbend.lagom.internal.persistence.cassandra.CassandraSessionImpl$ListenableFutureConverter$$anon$1$$anonfun$run$1.apply(CassandraSessionImpl.scala:59) ~[lagom-javadsl-persistence-cassandra_2.11-1.2.0.jar:1.2.0]
	at scala.util.Try$.apply(Try.scala:192) ~[scala-library-2.11.8.jar:na]
	at com.lightbend.lagom.internal.persistence.cassandra.CassandraSessionImpl$ListenableFutureConverter$$anon$1.run(CassandraSessionImpl.scala:59) ~[lagom-javadsl-persistence-cassandra_2.11-1.2.0.jar:1.2.0]
	at akka.dispatch.TaskInvocation.run(AbstractDispatcher.scala:39) ~[akka-actor_2.11-2.4.10.jar:na]
	at java.util.concurrent.ThreadPoolExecutor.runWorker(ThreadPoolExecutor.java:1142) ~[na:1.8.0_92]
	at java.util.concurrent.ThreadPoolExecutor$Worker.run(ThreadPoolExecutor.java:617) ~[na:1.8.0_92]
	at java.lang.Thread.run(Thread.java:745) ~[na:1.8.0_92]
Caused by: com.datastax.driver.core.exceptions.SyntaxError: line 1:93 no viable alternative at input 'amount' (...text, customerId text, skuId [text] amount...)
	at com.datastax.driver.core.Responses$Error.asException(Responses.java:132) ~[cassandra-driver-core-3.0.0.jar:na]
	at com.datastax.driver.core.DefaultResultSetFuture.onSet(DefaultResultSetFuture.java:179) ~[cassandra-driver-core-3.0.0.jar:na]
	at com.datastax.driver.core.RequestHandler.setFinalResult(RequestHandler.java:184) ~[cassandra-driver-core-3.0.0.jar:na]
	at com.datastax.driver.core.RequestHandler.access$2500(RequestHandler.java:43) ~[cassandra-driver-core-3.0.0.jar:na]
	at com.datastax.driver.core.RequestHandler$SpeculativeExecution.setFinalResult(RequestHandler.java:798) ~[cassandra-driver-core-3.0.0.jar:na]
	at com.datastax.driver.core.RequestHandler$SpeculativeExecution.onSet(RequestHandler.java:617) ~[cassandra-driver-core-3.0.0.jar:na]
	at com.datastax.driver.core.Connection$Dispatcher.channelRead0(Connection.java:1005) ~[cassandra-driver-core-3.0.0.jar:na]
	at com.datastax.driver.core.Connection$Dispatcher.channelRead0(Connection.java:928) ~[cassandra-driver-core-3.0.0.jar:na]
	at io.netty.channel.SimpleChannelInboundHandler.channelRead(SimpleChannelInboundHandler.java:105) ~[netty-transport-4.0.36.Final.jar:4.0.36.Final]
	at io.netty.channel.AbstractChannelHandlerContext.invokeChannelRead(AbstractChannelHandlerContext.java:292) ~[netty-transport-4.0.36.Final.jar:4.0.36.Final]
	at io.netty.channel.AbstractChannelHandlerContext.fireChannelRead(AbstractChannelHandlerContext.java:278) ~[netty-transport-4.0.36.Final.jar:4.0.36.Final]
	at io.netty.handler.timeout.IdleStateHandler.channelRead(IdleStateHandler.java:266) ~[netty-handler-4.0.33.Final.jar:4.0.33.Final]
	at io.netty.channel.AbstractChannelHandlerContext.invokeChannelRead(AbstractChannelHandlerContext.java:292) ~[netty-transport-4.0.36.Final.jar:4.0.36.Final]
	at io.netty.channel.AbstractChannelHandlerContext.fireChannelRead(AbstractChannelHandlerContext.java:278) ~[netty-transport-4.0.36.Final.jar:4.0.36.Final]
	at io.netty.handler.codec.MessageToMessageDecoder.channelRead(MessageToMessageDecoder.java:103) ~[netty-codec-4.0.36.Final.jar:4.0.36.Final]
	at io.netty.channel.AbstractChannelHandlerContext.invokeChannelRead(AbstractChannelHandlerContext.java:292) ~[netty-transport-4.0.36.Final.jar:4.0.36.Final]
	at io.netty.channel.AbstractChannelHandlerContext.fireChannelRead(AbstractChannelHandlerContext.java:278) ~[netty-transport-4.0.36.Final.jar:4.0.36.Final]
	at io.netty.handler.codec.ByteToMessageDecoder.fireChannelRead(ByteToMessageDecoder.java:277) ~[netty-codec-4.0.36.Final.jar:4.0.36.Final]
	at io.netty.handler.codec.ByteToMessageDecoder.channelRead(ByteToMessageDecoder.java:264) ~[netty-codec-4.0.36.Final.jar:4.0.36.Final]
	at io.netty.channel.AbstractChannelHandlerContext.invokeChannelRead(AbstractChannelHandlerContext.java:292) ~[netty-transport-4.0.36.Final.jar:4.0.36.Final]
	at io.netty.channel.AbstractChannelHandlerContext.fireChannelRead(AbstractChannelHandlerContext.java:278) ~[netty-transport-4.0.36.Final.jar:4.0.36.Final]
	at io.netty.channel.DefaultChannelPipeline.fireChannelRead(DefaultChannelPipeline.java:962) ~[netty-transport-4.0.36.Final.jar:4.0.36.Final]
	at io.netty.channel.nio.AbstractNioByteChannel$NioByteUnsafe.read(AbstractNioByteChannel.java:131) ~[netty-transport-4.0.36.Final.jar:4.0.36.Final]
	at io.netty.channel.nio.NioEventLoop.processSelectedKey(NioEventLoop.java:528) ~[netty-transport-4.0.36.Final.jar:4.0.36.Final]
	at io.netty.channel.nio.NioEventLoop.processSelectedKeysOptimized(NioEventLoop.java:485) ~[netty-transport-4.0.36.Final.jar:4.0.36.Final]
	at io.netty.channel.nio.NioEventLoop.processSelectedKeys(NioEventLoop.java:399) ~[netty-transport-4.0.36.Final.jar:4.0.36.Final]
	at io.netty.channel.nio.NioEventLoop.run(NioEventLoop.java:371) ~[netty-transport-4.0.36.Final.jar:4.0.36.Final]
	at io.netty.util.concurrent.SingleThreadEventExecutor$2.run(SingleThreadEventExecutor.java:112) ~[netty-common-4.0.36.Final.jar:4.0.36.Final]
	... 1 common frames omitted
2017-02-06 11:11:24,960 [ERROR] from akka.actor.OneForOneStrategy in ServiceTest_170206111112187-akka.actor.default-dispatcher-14 - com.datastax.driver.core.exceptions.SyntaxError: line 1:93 no viable alternative at input 'amount' (...text, customerId text, skuId [text] amount...)
java.util.concurrent.ExecutionException: com.datastax.driver.core.exceptions.SyntaxError: line 1:93 no viable alternative at input 'amount' (...text, customerId text, skuId [text] amount...)
	at com.google.common.util.concurrent.AbstractFuture.getDoneValue(AbstractFuture.java:476) ~[guava-19.0.jar:na]
	at com.google.common.util.concurrent.AbstractFuture.get(AbstractFuture.java:435) ~[guava-19.0.jar:na]
	at com.lightbend.lagom.internal.persistence.cassandra.CassandraSessionImpl$ListenableFutureConverter$$anon$1$$anonfun$run$1.apply(CassandraSessionImpl.scala:59) ~[lagom-javadsl-persistence-cassandra_2.11-1.2.0.jar:1.2.0]
	at scala.util.Try$.apply(Try.scala:192) ~[scala-library-2.11.8.jar:na]
	at com.lightbend.lagom.internal.persistence.cassandra.CassandraSessionImpl$ListenableFutureConverter$$anon$1.run(CassandraSessionImpl.scala:59) ~[lagom-javadsl-persistence-cassandra_2.11-1.2.0.jar:1.2.0]
	at akka.dispatch.TaskInvocation.run(AbstractDispatcher.scala:39) ~[akka-actor_2.11-2.4.10.jar:na]
	at java.util.concurrent.ThreadPoolExecutor.runWorker(ThreadPoolExecutor.java:1142) ~[na:1.8.0_92]
	at java.util.concurrent.ThreadPoolExecutor$Worker.run(ThreadPoolExecutor.java:617) ~[na:1.8.0_92]
	at java.lang.Thread.run(Thread.java:745) ~[na:1.8.0_92]
Caused by: com.datastax.driver.core.exceptions.SyntaxError: line 1:93 no viable alternative at input 'amount' (...text, customerId text, skuId [text] amount...)
	at com.datastax.driver.core.Responses$Error.asException(Responses.java:132) ~[cassandra-driver-core-3.0.0.jar:na]
	at com.datastax.driver.core.DefaultResultSetFuture.onSet(DefaultResultSetFuture.java:179) ~[cassandra-driver-core-3.0.0.jar:na]
	at com.datastax.driver.core.RequestHandler.setFinalResult(RequestHandler.java:184) ~[cassandra-driver-core-3.0.0.jar:na]
	at com.datastax.driver.core.RequestHandler.access$2500(RequestHandler.java:43) ~[cassandra-driver-core-3.0.0.jar:na]
	at com.datastax.driver.core.RequestHandler$SpeculativeExecution.setFinalResult(RequestHandler.java:798) ~[cassandra-driver-core-3.0.0.jar:na]
	at com.datastax.driver.core.RequestHandler$SpeculativeExecution.onSet(RequestHandler.java:617) ~[cassandra-driver-core-3.0.0.jar:na]
	at com.datastax.driver.core.Connection$Dispatcher.channelRead0(Connection.java:1005) ~[cassandra-driver-core-3.0.0.jar:na]
	at com.datastax.driver.core.Connection$Dispatcher.channelRead0(Connection.java:928) ~[cassandra-driver-core-3.0.0.jar:na]
	at io.netty.channel.SimpleChannelInboundHandler.channelRead(SimpleChannelInboundHandler.java:105) ~[netty-transport-4.0.36.Final.jar:4.0.36.Final]
	at io.netty.channel.AbstractChannelHandlerContext.invokeChannelRead(AbstractChannelHandlerContext.java:292) ~[netty-transport-4.0.36.Final.jar:4.0.36.Final]
	at io.netty.channel.AbstractChannelHandlerContext.fireChannelRead(AbstractChannelHandlerContext.java:278) ~[netty-transport-4.0.36.Final.jar:4.0.36.Final]
	at io.netty.handler.timeout.IdleStateHandler.channelRead(IdleStateHandler.java:266) ~[netty-handler-4.0.33.Final.jar:4.0.33.Final]
	at io.netty.channel.AbstractChannelHandlerContext.invokeChannelRead(AbstractChannelHandlerContext.java:292) ~[netty-transport-4.0.36.Final.jar:4.0.36.Final]
	at io.netty.channel.AbstractChannelHandlerContext.fireChannelRead(AbstractChannelHandlerContext.java:278) ~[netty-transport-4.0.36.Final.jar:4.0.36.Final]
	at io.netty.handler.codec.MessageToMessageDecoder.channelRead(MessageToMessageDecoder.java:103) ~[netty-codec-4.0.36.Final.jar:4.0.36.Final]
	at io.netty.channel.AbstractChannelHandlerContext.invokeChannelRead(AbstractChannelHandlerContext.java:292) ~[netty-transport-4.0.36.Final.jar:4.0.36.Final]
	at io.netty.channel.AbstractChannelHandlerContext.fireChannelRead(AbstractChannelHandlerContext.java:278) ~[netty-transport-4.0.36.Final.jar:4.0.36.Final]
	at io.netty.handler.codec.ByteToMessageDecoder.fireChannelRead(ByteToMessageDecoder.java:277) ~[netty-codec-4.0.36.Final.jar:4.0.36.Final]
	at io.netty.handler.codec.ByteToMessageDecoder.channelRead(ByteToMessageDecoder.java:264) ~[netty-codec-4.0.36.Final.jar:4.0.36.Final]
	at io.netty.channel.AbstractChannelHandlerContext.invokeChannelRead(AbstractChannelHandlerContext.java:292) ~[netty-transport-4.0.36.Final.jar:4.0.36.Final]
	at io.netty.channel.AbstractChannelHandlerContext.fireChannelRead(AbstractChannelHandlerContext.java:278) ~[netty-transport-4.0.36.Final.jar:4.0.36.Final]
	at io.netty.channel.DefaultChannelPipeline.fireChannelRead(DefaultChannelPipeline.java:962) ~[netty-transport-4.0.36.Final.jar:4.0.36.Final]
	at io.netty.channel.nio.AbstractNioByteChannel$NioByteUnsafe.read(AbstractNioByteChannel.java:131) ~[netty-transport-4.0.36.Final.jar:4.0.36.Final]
	at io.netty.channel.nio.NioEventLoop.processSelectedKey(NioEventLoop.java:528) ~[netty-transport-4.0.36.Final.jar:4.0.36.Final]
	at io.netty.channel.nio.NioEventLoop.processSelectedKeysOptimized(NioEventLoop.java:485) ~[netty-transport-4.0.36.Final.jar:4.0.36.Final]
	at io.netty.channel.nio.NioEventLoop.processSelectedKeys(NioEventLoop.java:399) ~[netty-transport-4.0.36.Final.jar:4.0.36.Final]
	at io.netty.channel.nio.NioEventLoop.run(NioEventLoop.java:371) ~[netty-transport-4.0.36.Final.jar:4.0.36.Final]
	at io.netty.util.concurrent.SingleThreadEventExecutor$2.run(SingleThreadEventExecutor.java:112) ~[netty-common-4.0.36.Final.jar:4.0.36.Final]
	... 1 common frames omitted
2017-02-06 11:13:11,122 [ERROR] from akka.actor.OneForOneStrategy in ServiceTest_170206111302832-akka.actor.default-dispatcher-4 - com.datastax.driver.core.exceptions.SyntaxError: line 1:140 mismatched input '(' expecting ')' (..., lastUpdated timestamp PRIMARY KEY [(]id...)
java.util.concurrent.ExecutionException: com.datastax.driver.core.exceptions.SyntaxError: line 1:140 mismatched input '(' expecting ')' (..., lastUpdated timestamp PRIMARY KEY [(]id...)
	at com.google.common.util.concurrent.AbstractFuture.getDoneValue(AbstractFuture.java:476) ~[guava-19.0.jar:na]
	at com.google.common.util.concurrent.AbstractFuture.get(AbstractFuture.java:435) ~[guava-19.0.jar:na]
	at com.lightbend.lagom.internal.persistence.cassandra.CassandraSessionImpl$ListenableFutureConverter$$anon$1$$anonfun$run$1.apply(CassandraSessionImpl.scala:59) ~[lagom-javadsl-persistence-cassandra_2.11-1.2.0.jar:1.2.0]
	at scala.util.Try$.apply(Try.scala:192) ~[scala-library-2.11.8.jar:na]
	at com.lightbend.lagom.internal.persistence.cassandra.CassandraSessionImpl$ListenableFutureConverter$$anon$1.run(CassandraSessionImpl.scala:59) ~[lagom-javadsl-persistence-cassandra_2.11-1.2.0.jar:1.2.0]
	at akka.dispatch.TaskInvocation.run(AbstractDispatcher.scala:39) ~[akka-actor_2.11-2.4.10.jar:na]
	at java.util.concurrent.ThreadPoolExecutor.runWorker(ThreadPoolExecutor.java:1142) ~[na:1.8.0_92]
	at java.util.concurrent.ThreadPoolExecutor$Worker.run(ThreadPoolExecutor.java:617) ~[na:1.8.0_92]
	at java.lang.Thread.run(Thread.java:745) ~[na:1.8.0_92]
Caused by: com.datastax.driver.core.exceptions.SyntaxError: line 1:140 mismatched input '(' expecting ')' (..., lastUpdated timestamp PRIMARY KEY [(]id...)
	at com.datastax.driver.core.Responses$Error.asException(Responses.java:132) ~[cassandra-driver-core-3.0.0.jar:na]
	at com.datastax.driver.core.DefaultResultSetFuture.onSet(DefaultResultSetFuture.java:179) ~[cassandra-driver-core-3.0.0.jar:na]
	at com.datastax.driver.core.RequestHandler.setFinalResult(RequestHandler.java:184) ~[cassandra-driver-core-3.0.0.jar:na]
	at com.datastax.driver.core.RequestHandler.access$2500(RequestHandler.java:43) ~[cassandra-driver-core-3.0.0.jar:na]
	at com.datastax.driver.core.RequestHandler$SpeculativeExecution.setFinalResult(RequestHandler.java:798) ~[cassandra-driver-core-3.0.0.jar:na]
	at com.datastax.driver.core.RequestHandler$SpeculativeExecution.onSet(RequestHandler.java:617) ~[cassandra-driver-core-3.0.0.jar:na]
	at com.datastax.driver.core.Connection$Dispatcher.channelRead0(Connection.java:1005) ~[cassandra-driver-core-3.0.0.jar:na]
	at com.datastax.driver.core.Connection$Dispatcher.channelRead0(Connection.java:928) ~[cassandra-driver-core-3.0.0.jar:na]
	at io.netty.channel.SimpleChannelInboundHandler.channelRead(SimpleChannelInboundHandler.java:105) ~[netty-transport-4.0.36.Final.jar:4.0.36.Final]
	at io.netty.channel.AbstractChannelHandlerContext.invokeChannelRead(AbstractChannelHandlerContext.java:292) ~[netty-transport-4.0.36.Final.jar:4.0.36.Final]
	at io.netty.channel.AbstractChannelHandlerContext.fireChannelRead(AbstractChannelHandlerContext.java:278) ~[netty-transport-4.0.36.Final.jar:4.0.36.Final]
	at io.netty.handler.timeout.IdleStateHandler.channelRead(IdleStateHandler.java:266) ~[netty-handler-4.0.33.Final.jar:4.0.33.Final]
	at io.netty.channel.AbstractChannelHandlerContext.invokeChannelRead(AbstractChannelHandlerContext.java:292) ~[netty-transport-4.0.36.Final.jar:4.0.36.Final]
	at io.netty.channel.AbstractChannelHandlerContext.fireChannelRead(AbstractChannelHandlerContext.java:278) ~[netty-transport-4.0.36.Final.jar:4.0.36.Final]
	at io.netty.handler.codec.MessageToMessageDecoder.channelRead(MessageToMessageDecoder.java:103) ~[netty-codec-4.0.36.Final.jar:4.0.36.Final]
	at io.netty.channel.AbstractChannelHandlerContext.invokeChannelRead(AbstractChannelHandlerContext.java:292) ~[netty-transport-4.0.36.Final.jar:4.0.36.Final]
	at io.netty.channel.AbstractChannelHandlerContext.fireChannelRead(AbstractChannelHandlerContext.java:278) ~[netty-transport-4.0.36.Final.jar:4.0.36.Final]
	at io.netty.handler.codec.ByteToMessageDecoder.fireChannelRead(ByteToMessageDecoder.java:277) ~[netty-codec-4.0.36.Final.jar:4.0.36.Final]
	at io.netty.handler.codec.ByteToMessageDecoder.channelRead(ByteToMessageDecoder.java:264) ~[netty-codec-4.0.36.Final.jar:4.0.36.Final]
	at io.netty.channel.AbstractChannelHandlerContext.invokeChannelRead(AbstractChannelHandlerContext.java:292) ~[netty-transport-4.0.36.Final.jar:4.0.36.Final]
	at io.netty.channel.AbstractChannelHandlerContext.fireChannelRead(AbstractChannelHandlerContext.java:278) ~[netty-transport-4.0.36.Final.jar:4.0.36.Final]
	at io.netty.channel.DefaultChannelPipeline.fireChannelRead(DefaultChannelPipeline.java:962) ~[netty-transport-4.0.36.Final.jar:4.0.36.Final]
	at io.netty.channel.nio.AbstractNioByteChannel$NioByteUnsafe.read(AbstractNioByteChannel.java:131) ~[netty-transport-4.0.36.Final.jar:4.0.36.Final]
	at io.netty.channel.nio.NioEventLoop.processSelectedKey(NioEventLoop.java:528) ~[netty-transport-4.0.36.Final.jar:4.0.36.Final]
	at io.netty.channel.nio.NioEventLoop.processSelectedKeysOptimized(NioEventLoop.java:485) ~[netty-transport-4.0.36.Final.jar:4.0.36.Final]
	at io.netty.channel.nio.NioEventLoop.processSelectedKeys(NioEventLoop.java:399) ~[netty-transport-4.0.36.Final.jar:4.0.36.Final]
	at io.netty.channel.nio.NioEventLoop.run(NioEventLoop.java:371) ~[netty-transport-4.0.36.Final.jar:4.0.36.Final]
	at io.netty.util.concurrent.SingleThreadEventExecutor$2.run(SingleThreadEventExecutor.java:112) ~[netty-common-4.0.36.Final.jar:4.0.36.Final]
	... 1 common frames omitted
2017-02-06 11:13:14,742 [ERROR] from akka.actor.OneForOneStrategy in ServiceTest_170206111302832-akka.actor.default-dispatcher-15 - com.datastax.driver.core.exceptions.SyntaxError: line 1:140 mismatched input '(' expecting ')' (..., lastUpdated timestamp PRIMARY KEY [(]id...)
java.util.concurrent.ExecutionException: com.datastax.driver.core.exceptions.SyntaxError: line 1:140 mismatched input '(' expecting ')' (..., lastUpdated timestamp PRIMARY KEY [(]id...)
	at com.google.common.util.concurrent.AbstractFuture.getDoneValue(AbstractFuture.java:476) ~[guava-19.0.jar:na]
	at com.google.common.util.concurrent.AbstractFuture.get(AbstractFuture.java:435) ~[guava-19.0.jar:na]
	at com.lightbend.lagom.internal.persistence.cassandra.CassandraSessionImpl$ListenableFutureConverter$$anon$1$$anonfun$run$1.apply(CassandraSessionImpl.scala:59) ~[lagom-javadsl-persistence-cassandra_2.11-1.2.0.jar:1.2.0]
	at scala.util.Try$.apply(Try.scala:192) ~[scala-library-2.11.8.jar:na]
	at com.lightbend.lagom.internal.persistence.cassandra.CassandraSessionImpl$ListenableFutureConverter$$anon$1.run(CassandraSessionImpl.scala:59) ~[lagom-javadsl-persistence-cassandra_2.11-1.2.0.jar:1.2.0]
	at akka.dispatch.TaskInvocation.run(AbstractDispatcher.scala:39) ~[akka-actor_2.11-2.4.10.jar:na]
	at java.util.concurrent.ThreadPoolExecutor.runWorker(ThreadPoolExecutor.java:1142) ~[na:1.8.0_92]
	at java.util.concurrent.ThreadPoolExecutor$Worker.run(ThreadPoolExecutor.java:617) ~[na:1.8.0_92]
	at java.lang.Thread.run(Thread.java:745) ~[na:1.8.0_92]
Caused by: com.datastax.driver.core.exceptions.SyntaxError: line 1:140 mismatched input '(' expecting ')' (..., lastUpdated timestamp PRIMARY KEY [(]id...)
	at com.datastax.driver.core.Responses$Error.asException(Responses.java:132) ~[cassandra-driver-core-3.0.0.jar:na]
	at com.datastax.driver.core.DefaultResultSetFuture.onSet(DefaultResultSetFuture.java:179) ~[cassandra-driver-core-3.0.0.jar:na]
	at com.datastax.driver.core.RequestHandler.setFinalResult(RequestHandler.java:184) ~[cassandra-driver-core-3.0.0.jar:na]
	at com.datastax.driver.core.RequestHandler.access$2500(RequestHandler.java:43) ~[cassandra-driver-core-3.0.0.jar:na]
	at com.datastax.driver.core.RequestHandler$SpeculativeExecution.setFinalResult(RequestHandler.java:798) ~[cassandra-driver-core-3.0.0.jar:na]
	at com.datastax.driver.core.RequestHandler$SpeculativeExecution.onSet(RequestHandler.java:617) ~[cassandra-driver-core-3.0.0.jar:na]
	at com.datastax.driver.core.Connection$Dispatcher.channelRead0(Connection.java:1005) ~[cassandra-driver-core-3.0.0.jar:na]
	at com.datastax.driver.core.Connection$Dispatcher.channelRead0(Connection.java:928) ~[cassandra-driver-core-3.0.0.jar:na]
	at io.netty.channel.SimpleChannelInboundHandler.channelRead(SimpleChannelInboundHandler.java:105) ~[netty-transport-4.0.36.Final.jar:4.0.36.Final]
	at io.netty.channel.AbstractChannelHandlerContext.invokeChannelRead(AbstractChannelHandlerContext.java:292) ~[netty-transport-4.0.36.Final.jar:4.0.36.Final]
	at io.netty.channel.AbstractChannelHandlerContext.fireChannelRead(AbstractChannelHandlerContext.java:278) ~[netty-transport-4.0.36.Final.jar:4.0.36.Final]
	at io.netty.handler.timeout.IdleStateHandler.channelRead(IdleStateHandler.java:266) ~[netty-handler-4.0.33.Final.jar:4.0.33.Final]
	at io.netty.channel.AbstractChannelHandlerContext.invokeChannelRead(AbstractChannelHandlerContext.java:292) ~[netty-transport-4.0.36.Final.jar:4.0.36.Final]
	at io.netty.channel.AbstractChannelHandlerContext.fireChannelRead(AbstractChannelHandlerContext.java:278) ~[netty-transport-4.0.36.Final.jar:4.0.36.Final]
	at io.netty.handler.codec.MessageToMessageDecoder.channelRead(MessageToMessageDecoder.java:103) ~[netty-codec-4.0.36.Final.jar:4.0.36.Final]
	at io.netty.channel.AbstractChannelHandlerContext.invokeChannelRead(AbstractChannelHandlerContext.java:292) ~[netty-transport-4.0.36.Final.jar:4.0.36.Final]
	at io.netty.channel.AbstractChannelHandlerContext.fireChannelRead(AbstractChannelHandlerContext.java:278) ~[netty-transport-4.0.36.Final.jar:4.0.36.Final]
	at io.netty.handler.codec.ByteToMessageDecoder.fireChannelRead(ByteToMessageDecoder.java:277) ~[netty-codec-4.0.36.Final.jar:4.0.36.Final]
	at io.netty.handler.codec.ByteToMessageDecoder.channelRead(ByteToMessageDecoder.java:264) ~[netty-codec-4.0.36.Final.jar:4.0.36.Final]
	at io.netty.channel.AbstractChannelHandlerContext.invokeChannelRead(AbstractChannelHandlerContext.java:292) ~[netty-transport-4.0.36.Final.jar:4.0.36.Final]
	at io.netty.channel.AbstractChannelHandlerContext.fireChannelRead(AbstractChannelHandlerContext.java:278) ~[netty-transport-4.0.36.Final.jar:4.0.36.Final]
	at io.netty.channel.DefaultChannelPipeline.fireChannelRead(DefaultChannelPipeline.java:962) ~[netty-transport-4.0.36.Final.jar:4.0.36.Final]
	at io.netty.channel.nio.AbstractNioByteChannel$NioByteUnsafe.read(AbstractNioByteChannel.java:131) ~[netty-transport-4.0.36.Final.jar:4.0.36.Final]
	at io.netty.channel.nio.NioEventLoop.processSelectedKey(NioEventLoop.java:528) ~[netty-transport-4.0.36.Final.jar:4.0.36.Final]
	at io.netty.channel.nio.NioEventLoop.processSelectedKeysOptimized(NioEventLoop.java:485) ~[netty-transport-4.0.36.Final.jar:4.0.36.Final]
	at io.netty.channel.nio.NioEventLoop.processSelectedKeys(NioEventLoop.java:399) ~[netty-transport-4.0.36.Final.jar:4.0.36.Final]
	at io.netty.channel.nio.NioEventLoop.run(NioEventLoop.java:371) ~[netty-transport-4.0.36.Final.jar:4.0.36.Final]
	at io.netty.util.concurrent.SingleThreadEventExecutor$2.run(SingleThreadEventExecutor.java:112) ~[netty-common-4.0.36.Final.jar:4.0.36.Final]
	... 1 common frames omitted
2017-02-06 11:14:31,996 [ERROR] from akka.actor.OneForOneStrategy in ServiceTest_170206111417427-akka.actor.default-dispatcher-14 - java.util.concurrent.ExecutionException: com.datastax.driver.core.exceptions.InvalidQueryException: Some clustering keys are missing: shopid, customerid
java.util.concurrent.CompletionException: java.util.concurrent.ExecutionException: com.datastax.driver.core.exceptions.InvalidQueryException: Some clustering keys are missing: shopid, customerid
	at java.util.concurrent.CompletableFuture.encodeThrowable(CompletableFuture.java:292) ~[na:1.8.0_92]
	at java.util.concurrent.CompletableFuture.completeThrowable(CompletableFuture.java:308) ~[na:1.8.0_92]
	at java.util.concurrent.CompletableFuture.uniApply(CompletableFuture.java:593) ~[na:1.8.0_92]
	at java.util.concurrent.CompletableFuture$UniApply.tryFire(CompletableFuture.java:577) ~[na:1.8.0_92]
	at java.util.concurrent.CompletableFuture.postComplete(CompletableFuture.java:474) ~[na:1.8.0_92]
	at java.util.concurrent.CompletableFuture.completeExceptionally(CompletableFuture.java:1977) ~[na:1.8.0_92]
	at scala.concurrent.java8.FuturesConvertersImpl$CF.apply(FutureConvertersImpl.scala:21) ~[scala-java8-compat_2.11-0.7.0.jar:na]
	at scala.concurrent.java8.FuturesConvertersImpl$CF.apply(FutureConvertersImpl.scala:18) ~[scala-java8-compat_2.11-0.7.0.jar:na]
	at scala.concurrent.impl.CallbackRunnable.run(Promise.scala:32) ~[scala-library-2.11.8.jar:na]
	at scala.concurrent.BatchingExecutor$Batch$$anonfun$run$1.processBatch$1(BatchingExecutor.scala:63) ~[scala-library-2.11.8.jar:na]
	at scala.concurrent.BatchingExecutor$Batch$$anonfun$run$1.apply$mcV$sp(BatchingExecutor.scala:78) ~[scala-library-2.11.8.jar:na]
	at scala.concurrent.BatchingExecutor$Batch$$anonfun$run$1.apply(BatchingExecutor.scala:55) ~[scala-library-2.11.8.jar:na]
	at scala.concurrent.BatchingExecutor$Batch$$anonfun$run$1.apply(BatchingExecutor.scala:55) ~[scala-library-2.11.8.jar:na]
	at scala.concurrent.BlockContext$.withBlockContext(BlockContext.scala:72) ~[scala-library-2.11.8.jar:na]
	at scala.concurrent.BatchingExecutor$Batch.run(BatchingExecutor.scala:54) ~[scala-library-2.11.8.jar:na]
	at scala.concurrent.Future$InternalCallbackExecutor$.unbatchedExecute(Future.scala:601) ~[scala-library-2.11.8.jar:na]
	at scala.concurrent.BatchingExecutor$class.execute(BatchingExecutor.scala:106) ~[scala-library-2.11.8.jar:na]
	at scala.concurrent.Future$InternalCallbackExecutor$.execute(Future.scala:599) ~[scala-library-2.11.8.jar:na]
	at scala.concurrent.impl.CallbackRunnable.executeWithValue(Promise.scala:40) ~[scala-library-2.11.8.jar:na]
	at scala.concurrent.impl.Promise$DefaultPromise.tryComplete(Promise.scala:248) ~[scala-library-2.11.8.jar:na]
	at scala.concurrent.Promise$class.complete(Promise.scala:55) ~[scala-library-2.11.8.jar:na]
	at scala.concurrent.impl.Promise$DefaultPromise.complete(Promise.scala:153) ~[scala-library-2.11.8.jar:na]
	at com.lightbend.lagom.internal.persistence.cassandra.CassandraSessionImpl$ListenableFutureConverter$$anon$1.run(CassandraSessionImpl.scala:59) ~[lagom-javadsl-persistence-cassandra_2.11-1.2.0.jar:1.2.0]
	at akka.dispatch.TaskInvocation.run(AbstractDispatcher.scala:39) ~[akka-actor_2.11-2.4.10.jar:na]
	at java.util.concurrent.ThreadPoolExecutor.runWorker(ThreadPoolExecutor.java:1142) ~[na:1.8.0_92]
	at java.util.concurrent.ThreadPoolExecutor$Worker.run(ThreadPoolExecutor.java:617) ~[na:1.8.0_92]
	at java.lang.Thread.run(Thread.java:745) ~[na:1.8.0_92]
Caused by: java.util.concurrent.ExecutionException: com.datastax.driver.core.exceptions.InvalidQueryException: Some clustering keys are missing: shopid, customerid
	at com.google.common.util.concurrent.AbstractFuture.getDoneValue(AbstractFuture.java:476) ~[guava-19.0.jar:na]
	at com.google.common.util.concurrent.AbstractFuture.get(AbstractFuture.java:435) ~[guava-19.0.jar:na]
	at com.google.common.util.concurrent.AbstractFuture$TrustedFuture.get(AbstractFuture.java:79) ~[guava-19.0.jar:na]
	at com.lightbend.lagom.internal.persistence.cassandra.CassandraSessionImpl$ListenableFutureConverter$$anon$1$$anonfun$run$1.apply(CassandraSessionImpl.scala:59) ~[lagom-javadsl-persistence-cassandra_2.11-1.2.0.jar:1.2.0]
	at scala.util.Try$.apply(Try.scala:192) ~[scala-library-2.11.8.jar:na]
	... 5 common frames omitted
Caused by: com.datastax.driver.core.exceptions.InvalidQueryException: Some clustering keys are missing: shopid, customerid
	at com.datastax.driver.core.Responses$Error.asException(Responses.java:136) ~[cassandra-driver-core-3.0.0.jar:na]
	at com.datastax.driver.core.SessionManager$4.apply(SessionManager.java:220) ~[cassandra-driver-core-3.0.0.jar:na]
	at com.datastax.driver.core.SessionManager$4.apply(SessionManager.java:196) ~[cassandra-driver-core-3.0.0.jar:na]
	at com.google.common.util.concurrent.Futures$AsyncChainingFuture.doTransform(Futures.java:1442) ~[guava-19.0.jar:na]
	at com.google.common.util.concurrent.Futures$AsyncChainingFuture.doTransform(Futures.java:1433) ~[guava-19.0.jar:na]
	at com.google.common.util.concurrent.Futures$AbstractChainingFuture.run(Futures.java:1408) ~[guava-19.0.jar:na]
	at com.google.common.util.concurrent.MoreExecutors$DirectExecutor.execute(MoreExecutors.java:456) ~[guava-19.0.jar:na]
	at com.google.common.util.concurrent.AbstractFuture.executeListener(AbstractFuture.java:817) ~[guava-19.0.jar:na]
	at com.google.common.util.concurrent.AbstractFuture.complete(AbstractFuture.java:753) ~[guava-19.0.jar:na]
	at com.google.common.util.concurrent.AbstractFuture.set(AbstractFuture.java:613) ~[guava-19.0.jar:na]
	at com.datastax.driver.core.Connection$Future.onSet(Connection.java:1174) ~[cassandra-driver-core-3.0.0.jar:na]
	at com.datastax.driver.core.Connection$Future.onSet(Connection.java:1168) ~[cassandra-driver-core-3.0.0.jar:na]
	at com.datastax.driver.core.RequestHandler.setFinalResult(RequestHandler.java:184) ~[cassandra-driver-core-3.0.0.jar:na]
	at com.datastax.driver.core.RequestHandler.access$2500(RequestHandler.java:43) ~[cassandra-driver-core-3.0.0.jar:na]
	at com.datastax.driver.core.RequestHandler$SpeculativeExecution.setFinalResult(RequestHandler.java:798) ~[cassandra-driver-core-3.0.0.jar:na]
	at com.datastax.driver.core.RequestHandler$SpeculativeExecution.onSet(RequestHandler.java:617) ~[cassandra-driver-core-3.0.0.jar:na]
	at com.datastax.driver.core.Connection$Dispatcher.channelRead0(Connection.java:1005) ~[cassandra-driver-core-3.0.0.jar:na]
	at com.datastax.driver.core.Connection$Dispatcher.channelRead0(Connection.java:928) ~[cassandra-driver-core-3.0.0.jar:na]
	at io.netty.channel.SimpleChannelInboundHandler.channelRead(SimpleChannelInboundHandler.java:105) ~[netty-transport-4.0.36.Final.jar:4.0.36.Final]
	at io.netty.channel.AbstractChannelHandlerContext.invokeChannelRead(AbstractChannelHandlerContext.java:292) ~[netty-transport-4.0.36.Final.jar:4.0.36.Final]
	at io.netty.channel.AbstractChannelHandlerContext.fireChannelRead(AbstractChannelHandlerContext.java:278) ~[netty-transport-4.0.36.Final.jar:4.0.36.Final]
	at io.netty.handler.timeout.IdleStateHandler.channelRead(IdleStateHandler.java:266) ~[netty-handler-4.0.33.Final.jar:4.0.33.Final]
	at io.netty.channel.AbstractChannelHandlerContext.invokeChannelRead(AbstractChannelHandlerContext.java:292) ~[netty-transport-4.0.36.Final.jar:4.0.36.Final]
	at io.netty.channel.AbstractChannelHandlerContext.fireChannelRead(AbstractChannelHandlerContext.java:278) ~[netty-transport-4.0.36.Final.jar:4.0.36.Final]
	at io.netty.handler.codec.MessageToMessageDecoder.channelRead(MessageToMessageDecoder.java:103) ~[netty-codec-4.0.36.Final.jar:4.0.36.Final]
	at io.netty.channel.AbstractChannelHandlerContext.invokeChannelRead(AbstractChannelHandlerContext.java:292) ~[netty-transport-4.0.36.Final.jar:4.0.36.Final]
	at io.netty.channel.AbstractChannelHandlerContext.fireChannelRead(AbstractChannelHandlerContext.java:278) ~[netty-transport-4.0.36.Final.jar:4.0.36.Final]
	at io.netty.handler.codec.ByteToMessageDecoder.fireChannelRead(ByteToMessageDecoder.java:277) ~[netty-codec-4.0.36.Final.jar:4.0.36.Final]
	at io.netty.handler.codec.ByteToMessageDecoder.callDecode(ByteToMessageDecoder.java:372) ~[netty-codec-4.0.36.Final.jar:4.0.36.Final]
	at io.netty.handler.codec.ByteToMessageDecoder.channelRead(ByteToMessageDecoder.java:245) ~[netty-codec-4.0.36.Final.jar:4.0.36.Final]
	at io.netty.channel.AbstractChannelHandlerContext.invokeChannelRead(AbstractChannelHandlerContext.java:292) ~[netty-transport-4.0.36.Final.jar:4.0.36.Final]
	at io.netty.channel.AbstractChannelHandlerContext.fireChannelRead(AbstractChannelHandlerContext.java:278) ~[netty-transport-4.0.36.Final.jar:4.0.36.Final]
	at io.netty.channel.DefaultChannelPipeline.fireChannelRead(DefaultChannelPipeline.java:962) ~[netty-transport-4.0.36.Final.jar:4.0.36.Final]
	at io.netty.channel.nio.AbstractNioByteChannel$NioByteUnsafe.read(AbstractNioByteChannel.java:131) ~[netty-transport-4.0.36.Final.jar:4.0.36.Final]
	at io.netty.channel.nio.NioEventLoop.processSelectedKey(NioEventLoop.java:528) ~[netty-transport-4.0.36.Final.jar:4.0.36.Final]
	at io.netty.channel.nio.NioEventLoop.processSelectedKeysOptimized(NioEventLoop.java:485) ~[netty-transport-4.0.36.Final.jar:4.0.36.Final]
	at io.netty.channel.nio.NioEventLoop.processSelectedKeys(NioEventLoop.java:399) ~[netty-transport-4.0.36.Final.jar:4.0.36.Final]
	at io.netty.channel.nio.NioEventLoop.run(NioEventLoop.java:371) ~[netty-transport-4.0.36.Final.jar:4.0.36.Final]
	at io.netty.util.concurrent.SingleThreadEventExecutor$2.run(SingleThreadEventExecutor.java:112) ~[netty-common-4.0.36.Final.jar:4.0.36.Final]
	... 1 common frames omitted
2017-02-06 11:19:46,205 [ERROR] from akka.actor.OneForOneStrategy in ServiceTest_170206111930921-akka.actor.default-dispatcher-4 - Processor actor [Actor[akka://ServiceTest_170206111930921/user/StreamSupervisor-0/flow-3-3-mapAsync#1600748316]] terminated abruptly
akka.stream.AbruptTerminationException: Processor actor [Actor[akka://ServiceTest_170206111930921/user/StreamSupervisor-0/flow-3-3-mapAsync#1600748316]] terminated abruptly
2017-02-06 11:32:24,460 [ERROR] from akka.actor.OneForOneStrategy in ServiceTest_170206113209247-akka.actor.default-dispatcher-18 - Processor actor [Actor[akka://ServiceTest_170206113209247/user/StreamSupervisor-0/flow-3-3-mapAsync#-1335083206]] terminated abruptly
akka.stream.AbruptTerminationException: Processor actor [Actor[akka://ServiceTest_170206113209247/user/StreamSupervisor-0/flow-3-3-mapAsync#-1335083206]] terminated abruptly
2017-02-06 12:41:26,021 [ERROR] from akka.actor.OneForOneStrategy in ServiceTest_170206124112715-akka.actor.default-dispatcher-18 - Processor actor [Actor[akka://ServiceTest_170206124112715/user/StreamSupervisor-0/flow-3-3-mapAsync#-1460757920]] terminated abruptly
akka.stream.AbruptTerminationException: Processor actor [Actor[akka://ServiceTest_170206124112715/user/StreamSupervisor-0/flow-3-3-mapAsync#-1460757920]] terminated abruptly
2017-02-06 13:10:12,079 [ERROR] from akka.actor.OneForOneStrategy in ServiceTest_170206130957350-akka.actor.default-dispatcher-15 - Processor actor [Actor[akka://ServiceTest_170206130957350/user/StreamSupervisor-0/flow-3-3-mapAsync#-1527045771]] terminated abruptly
akka.stream.AbruptTerminationException: Processor actor [Actor[akka://ServiceTest_170206130957350/user/StreamSupervisor-0/flow-3-3-mapAsync#-1527045771]] terminated abruptly
